::1 - OPTIONS /api/utente HTTP/1.1 204 0 - 2.016 ms
::1 - POST /api/utente HTTP/1.1 201 20 - 24.991 ms
::1 - GET /utenti HTTP/1.1 201 58 - 0.524 ms
::1 - GET /utenti HTTP/1.1 201 58 - 0.316 ms
::1 - GET /utenti HTTP/1.1 201 58 - 0.693 ms
::1 - GET /utenti HTTP/1.1 201 58 - 1.016 ms
::1 - GET /frase_del_giorno HTTP/1.1 201 68 - 8.836 ms
::1 - GET /frase_del_giorno HTTP/1.1 201 68 - 0.898 ms
::1 - GET /frase_del_giorno HTTP/1.1 201 68 - 0.879 ms
::1 - GET /frase_del_giorno HTTP/1.1 201 81 - 1.523 ms
::1 - GET /frase_del_giorno HTTP/1.1 200 68 - 7.300 ms
::1 - GET /frase_del_giorno HTTP/1.1 200 95 - 1.354 ms
::1 - GET /frase_del_giorno HTTP/1.1 200 68 - 0.600 ms
::1 - GET /utenti HTTP/1.1 201 2 - 0.761 ms
::1 - OPTIONS /api/utente HTTP/1.1 204 0 - 1.091 ms
::1 - POST /api/utente HTTP/1.1 201 20 - 41.967 ms
::1 - OPTIONS /api/utente HTTP/1.1 204 0 - 1.909 ms
::1 - POST /api/utente HTTP/1.1 201 20 - 3.059 ms
::1 - GET /utenti HTTP/1.1 201 114 - 0.460 ms
::1 - OPTIONS /api/utente HTTP/1.1 204 0 - 0.271 ms
::1 - DELETE /api/utente HTTP/1.1 200 20 - 7.121 ms
::1 - GET /utenti HTTP/1.1 201 57 - 0.390 ms
::1 - OPTIONS /api/utente HTTP/1.1 204 0 - 0.240 ms
::1 - DELETE /api/utente HTTP/1.1 200 20 - 1.316 ms
::1 - GET /utenti HTTP/1.1 201 57 - 0.534 ms
::1 - OPTIONS /api/utente HTTP/1.1 204 0 - 0.328 ms
::1 - DELETE /api/utente HTTP/1.1 200 20 - 1.495 ms
::1 - GET /utenti HTTP/1.1 201 2 - 0.483 ms
::1 - GET /frase_del_giorno HTTP/1.1 200 68 - 15.053 ms
::1 - OPTIONS /api/utente HTTP/1.1 204 0 - 1.321 ms
::1 - POST /api/utente HTTP/1.1 201 20 - 50.500 ms
::1 - GET /utenti HTTP/1.1 200 57 - 1.482 ms
::1 - OPTIONS /api/utente HTTP/1.1 204 0 - 1.253 ms
::1 - POST /api/utente HTTP/1.1 201 20 - 20.947 ms
::1 - GET /utenti HTTP/1.1 200 114 - 0.691 ms
::1 - GET /frase%20del%20giorno HTTP/1.1 404 16 - 3.395 ms
::1 - OPTIONS /api/utente HTTP/1.1 204 0 - 1.039 ms
::1 - DELETE /api/utente HTTP/1.1 200 20 - 3.329 ms
::1 - GET /utenti HTTP/1.1 200 58 - 1.101 ms
::1 - GET /frase%20del%20giorno HTTP/1.1 404 16 - 7.036 ms
::1 - GET /frase%20del%20giorno HTTP/1.1 404 16 - 0.739 ms
::1 - GET /frase%20del%20giorno HTTP/1.1 404 16 - 5.162 ms
::1 - GET /frase%20del%20giorno HTTP/1.1 404 16 - 0.698 ms
::1 - GET /favicon.ico HTTP/1.1 404 16 - 0.436 ms
::1 - GET /frase_del_giorno HTTP/1.1 200 68 - 5.987 ms
::1 - GET /frase_del_giorno HTTP/1.1 200 61 - 1.730 ms
::1 - GET /frase_del_giorno HTTP/1.1 200 68 - 2.716 ms
::1 - GET /frase_del_giorno HTTP/1.1 200 95 - 1.377 ms
::1 - GET /frase_del_giorno HTTP/1.1 200 68 - 21.524 ms
::1 - GET /frase_del_giorno HTTP/1.1 304 - - 0.882 ms
::1 - GET /utenti HTTP/1.1 200 2 - 1.305 ms
::1 - OPTIONS /api/utente HTTP/1.1 204 0 - 1.160 ms
::1 - POST /api/utente HTTP/1.1 201 20 - 85.108 ms
::1 - GET /utenti HTTP/1.1 200 58 - 0.579 ms
::1 - OPTIONS /api/utente HTTP/1.1 204 0 - 0.354 ms
::1 - POST /api/utente HTTP/1.1 201 20 - 8.302 ms
::1 - GET /utenti HTTP/1.1 200 115 - 0.448 ms
::1 - GET /frase_del_giorno HTTP/1.1 200 81 - 13.378 ms
::1 - GET /frase_del_giorno HTTP/1.1 200 95 - 7.782 ms
::1 - GET /frase_del_giorno HTTP/1.1 200 81 - 1.542 ms
::1 - GET /frase_del_giorno HTTP/1.1 200 68 - 2.086 ms
::1 - GET /utenti HTTP/1.1 200 2 - 10.272 ms
::1 - GET /frase_del_giorno HTTP/1.1 200 68 - 3.040 ms
::1 - GET /frase_del_giorno HTTP/1.1 200 68 - 0.961 ms
::1 - GET /frase_del_giorno HTTP/1.1 200 68 - 1.158 ms
::1 - POST /api/utente HTTP/1.1 201 20 - 39.127 ms
::1 - GET /utenti HTTP/1.1 200 4 - 0.524 ms
::1 - GET /frase_del_giorno HTTP/1.1 200 81 - 0.757 ms
::1 - GET /frase_del_giorno HTTP/1.1 200 81 - 13.023 ms
::1 - GET /frase_del_giorno HTTP/1.1 200 68 - 1.474 ms
::1 - GET /utenti HTTP/1.1 200 2 - 0.643 ms
::1 - OPTIONS /api/utente HTTP/1.1 204 0 - 1.366 ms
::1 - POST /api/utente HTTP/1.1 201 20 - 44.998 ms
::1 - GET /utenti HTTP/1.1 200 58 - 0.778 ms
::1 - GET /utenti HTTP/1.1 200 58 - 0.649 ms
::1 - POST /api/utente HTTP/1.1 400 1201 - 27.962 ms
::1 - POST /api/utente HTTP/1.1 400 1201 - 1.441 ms
::1 - POST /api/utente HTTP/1.1 400 1206 - 1.513 ms
::1 - POST /api/utente HTTP/1.1 400 1057 - 0.941 ms
::1 - POST /api/utente HTTP/1.1 201 20 - 52.109 ms
::1 - GET /api/utente HTTP/1.1 404 16 - 1.616 ms
::1 - GET /utenti HTTP/1.1 200 123 - 31.911 ms
::1 - GET /frase_del_giorno HTTP/1.1 200 68 - 11.367 ms
::1 - GET /utenti HTTP/1.1 200 2 - 1.755 ms
::1 - POST /api/utente HTTP/1.1 400 1201 - 78.638 ms
::1 - POST /api/utente HTTP/1.1 400 1201 - 1.279 ms
::1 - POST /api/utente HTTP/1.1 400 1201 - 1.344 ms
::1 - POST /api/utente HTTP/1.1 400 1201 - 1.186 ms
::1 - POST /api/utente HTTP/1.1 400 1201 - 26.703 ms
::1 - OPTIONS /api/utente HTTP/1.1 204 0 - 5.315 ms
::1 - POST /api/utente HTTP/1.1 201 20 - 45.096 ms
::1 - GET /utenti HTTP/1.1 200 58 - 2.452 ms
::1 - GET /utenti HTTP/1.1 400 1146 - 28.417 ms
::1 - GET /utenti HTTP/1.1 200 2 - 5.055 ms
::1 - GET /utenti HTTP/1.1 200 2 - 1.394 ms
::1 - POST /api/utente HTTP/1.1 400 1201 - 22.257 ms
::1 - POST /api/utente HTTP/1.1 400 1057 - 25.657 ms
::1 - POST /api/utente HTTP/1.1 400 1057 - 25.896 ms
::1 - GET /api/utente HTTP/1.1 404 16 - 5.805 ms
::1 - GET /utenti HTTP/1.1 200 2 - 1.574 ms
::1 - POST /utenti HTTP/1.1 404 16 - 1.996 ms
::1 - POST /utente HTTP/1.1 404 16 - 0.882 ms
::1 - POST /api/utente HTTP/1.1 400 1057 - 30.548 ms
::1 - POST /api/utente HTTP/1.1 400 1057 - 24.272 ms
::1 - OPTIONS /api/utente HTTP/1.1 204 0 - 3.386 ms
::1 - POST /api/utente HTTP/1.1 201 20 - 27.258 ms
::1 - POST /api/utente HTTP/1.1 201 20 - 45.654 ms
::1 - POST /api/utente HTTP/1.1 201 20 - 1.886 ms
::1 - GET /utenti HTTP/1.1 200 172 - 0.843 ms
::1 - DELETE /api/utente HTTP/1.1 200 20 - 2.716 ms
::1 - GET /utenti HTTP/1.1 200 115 - 0.857 ms
::1 - DELETE /utente HTTP/1.1 404 16 - 2.028 ms
::1 - DELETE /api/utente HTTP/1.1 200 20 - 1.734 ms
::1 - GET /utenti HTTP/1.1 200 115 - 0.644 ms
::1 - GET /utenti HTTP/1.1 200 115 - 0.996 ms
::1 - DELETE /api/utente HTTP/1.1 200 20 - 2.224 ms
::1 - GET /utenti HTTP/1.1 200 115 - 0.509 ms
::1 - GET /utenti HTTP/1.1 200 2 - 7.167 ms
::1 - POST /api/utente HTTP/1.1 201 20 - 67.266 ms
::1 - POST /api/utente HTTP/1.1 201 20 - 2.182 ms
::1 - POST /api/utente HTTP/1.1 201 20 - 2.153 ms
::1 - GET /utenti HTTP/1.1 200 166 - 1.110 ms
::1 - DELETE /api/utente HTTP/1.1 200 20 - 2.142 ms
::1 - GET /utenti HTTP/1.1 200 110 - 0.640 ms
::1 - GET /frase_del_giorno HTTP/1.1 200 81 - 9.666 ms
::1 - GET /frase_del_giorno HTTP/1.1 200 68 - 1.471 ms
::1 - GET /frase_del_giorno HTTP/1.1 200 61 - 1.250 ms
::1 - GET /utenti HTTP/1.1 200 2 - 1.220 ms
::1 - POST /utenti HTTP/1.1 404 16 - 91.759 ms
::1 - POST /api/utente HTTP/1.1 201 20 - 36.695 ms
::1 - POST /api/utente HTTP/1.1 201 20 - 2.897 ms
::1 - GET /utenti HTTP/1.1 200 114 - 0.414 ms
::1 - DELETE /api/utente HTTP/1.1 200 20 - 2.585 ms
::1 - GET /utenti HTTP/1.1 400 1146 - 35.881 ms
::1 - GET /utenti HTTP/1.1 200 2 - 8.584 ms
::1 - GET /utenti HTTP/1.1 200 2 - 1.710 ms
::1 - OPTIONS /api/utente HTTP/1.1 204 0 - 1.014 ms
::1 - POST /api/utente HTTP/1.1 201 20 - 28.435 ms
::1 - OPTIONS /api/utente HTTP/1.1 204 0 - 0.416 ms
::1 - POST /api/utente HTTP/1.1 201 20 - 2.383 ms
::1 - GET /utenti HTTP/1.1 200 114 - 1.541 ms
::1 - OPTIONS /api/utente HTTP/1.1 204 0 - 0.190 ms
::1 - DELETE /api/utente HTTP/1.1 200 20 - 2.118 ms
::1 - GET /utenti HTTP/1.1 200 58 - 0.651 ms
::1 - GET /frase_del_giorno HTTP/1.1 200 68 - 73.091 ms
::1 - GET /frase_del_giorno HTTP/1.1 200 95 - 1.099 ms
::1 - GET /frase_del_giorno HTTP/1.1 200 95 - 2.442 ms
::1 - GET /frase_del_giorno HTTP/1.1 200 68 - 1.777 ms
::1 - GET /utenti HTTP/1.1 200 2 - 0.626 ms
::1 - POST /api/utente HTTP/1.1 201 20 - 63.191 ms
::1 - GET /utenti HTTP/1.1 200 58 - 0.351 ms
::1 - POST /api/utente HTTP/1.1 201 20 - 2.272 ms
::1 - GET /utenti HTTP/1.1 200 115 - 1.548 ms
::1 - DELETE /utenti HTTP/1.1 404 16 - 52.547 ms
::1 - DELETE /api/utente HTTP/1.1 200 20 - 2.141 ms
::1 - GET /utenti HTTP/1.1 200 58 - 0.909 ms
::1 - GET /api/utente HTTP/1.1 404 16 - 4.510 ms
::1 - GET /frase_del_giorno HTTP/1.1 200 95 - 2.855 ms
::1 - GET /frase_del_giorno HTTP/1.1 200 68 - 1.186 ms
::1 - GET /utenti HTTP/1.1 200 2 - 0.634 ms
::1 - POST /api/utente HTTP/1.1 201 20 - 36.900 ms
::1 - POST /api/utente HTTP/1.1 201 20 - 44.688 ms
::1 - GET /utenti HTTP/1.1 200 115 - 0.651 ms
::1 - DELETE /api/utente HTTP/1.1 200 20 - 1.503 ms
::1 - GET /utenti HTTP/1.1 200 58 - 0.621 ms
::1 - GET /frase_del_giorno HTTP/1.1 200 81 - 33.919 ms
::1 - GET /frase_del_giorno HTTP/1.1 200 68 - 1.615 ms
::1 - GET /frase_del_giorno HTTP/1.1 200 81 - 2.007 ms
::1 - GET /frase_del_giorno HTTP/1.1 200 61 - 6.422 ms
::1 - GET /frase_del_giorno HTTP/1.1 304 - - 3.496 ms
::1 - GET /utenti HTTP/1.1 200 2 - 1.267 ms
::1 - POST /api/utente HTTP/1.1 201 20 - 4.882 ms
::1 - GET /utenti HTTP/1.1 200 58 - 0.336 ms
::1 - DELETE /api/utente HTTP/1.1 200 20 - 1.746 ms
::1 - GET /utenti HTTP/1.1 200 2 - 3.944 ms
::1 - GET /frase_del_giorno HTTP/1.1 200 81 - 10.766 ms
::1 - GET /frase_del_giorno HTTP/1.1 200 68 - 14.438 ms
::1 - POST /api/utente HTTP/1.1 400 1243 - 67.952 ms
::1 - POST /api/utente HTTP/1.1 400 1243 - 1.451 ms
::1 - POST /api/utente HTTP/1.1 400 1248 - 2.333 ms
::1 - OPTIONS /api/utente HTTP/1.1 204 0 - 0.941 ms
::1 - POST /api/utente HTTP/1.1 201 20 - 12.477 ms
::1 - POST /api/utente HTTP/1.1 400 1097 - 1.047 ms
::1 - POST /api/utente HTTP/1.1 201 20 - 3.259 ms
::1 - GET /utenti HTTP/1.1 200 108 - 1.486 ms
::1 - DELETE /api/utente HTTP/1.1 200 20 - 2.922 ms
::1 - GET /utenti HTTP/1.1 200 108 - 0.986 ms
::1 - DELETE /api/utente HTTP/1.1 200 20 - 1.702 ms
::1 - GET /utenti HTTP/1.1 200 57 - 0.730 ms
::ffff:127.0.0.1 - GET /frase_del_giorno HTTP/1.1 200 81 - 46.178 ms
::ffff:127.0.0.1 - GET /frase_del_giorno HTTP/1.1 200 68 - 2.614 ms
::ffff:127.0.0.1 - GET /utenti HTTP/1.1 200 47 - 56.899 ms
::ffff:127.0.0.1 - POST /utenti HTTP/1.1 400 1147 - 55.383 ms
::ffff:127.0.0.1 - POST /utenti HTTP/1.1 400 1147 - 1.343 ms
::ffff:127.0.0.1 - POST /utenti HTTP/1.1 400 1147 - 1.765 ms
::ffff:127.0.0.1 - POST /utenti HTTP/1.1 201 30 - 59.656 ms
::ffff:127.0.0.1 - DELETE /utenti/2 HTTP/1.1 204 - - 2.749 ms
::ffff:127.0.0.1 - GET /utenti HTTP/1.1 200 47 - 6.809 ms
::ffff:127.0.0.1 - DELETE /utenti/2 HTTP/1.1 204 - - 3.328 ms
::ffff:127.0.0.1 - GET /utenti HTTP/1.1 200 25 - 1.738 ms
::ffff:127.0.0.1 - GET /utentigggg HTTP/1.1 404 16 - 1.775 ms
::ffff:127.0.0.1 - PUT /utenti/1 HTTP/1.1 400 67 - 2.327 ms
::ffff:127.0.0.1 - PUT /utenti/1 HTTP/1.1 200 24 - 35.118 ms
::ffff:127.0.0.1 - POST /utenti HTTP/1.1 201 23 - 3.595 ms
::ffff:127.0.0.1 - GET /utenti HTTP/1.1 200 50 - 1.205 ms
::ffff:127.0.0.1 - GET /utenti/2 HTTP/1.1 404 30 - 67.639 ms
::ffff:127.0.0.1 - GET /utenti/3 HTTP/1.1 200 23 - 1.332 ms
::ffff:127.0.0.1 - GET / HTTP/1.1 404 16 - 14.170 ms
::ffff:127.0.0.1 - GET / HTTP/1.1 404 16 - 2.581 ms
::ffff:127.0.0.1 - GET /utenti HTTP/1.1 200 47 - 2.576 ms
::ffff:127.0.0.1 - POST /utenti HTTP/1.1 201 23 - 23.039 ms
::ffff:127.0.0.1 - GET /utenti HTTP/1.1 200 71 - 2.170 ms
::ffff:127.0.0.1 - PUT /utenti HTTP/1.1 404 16 - 4.554 ms
::ffff:127.0.0.1 - PUT /utenti/3 HTTP/1.1 200 23 - 2.216 ms
::ffff:127.0.0.1 - PUT /utenti HTTP/1.1 404 16 - 1.110 ms
::ffff:127.0.0.1 - GET /utenti HTTP/1.1 200 71 - 2.219 ms
::ffff:127.0.0.1 - DELETE /utenti/1 HTTP/1.1 204 - - 1.515 ms
::ffff:127.0.0.1 - GET /utenti HTTP/1.1 200 47 - 1.483 ms
::ffff:127.0.0.1 - POST /utenti HTTP/1.1 201 28 - 2.013 ms
::ffff:127.0.0.1 - GET /utenti HTTP/1.1 200 76 - 2.083 ms
::ffff:127.0.0.1 - GET /frase_del_giorno HTTP/1.1 200 68 - 6.711 ms
::ffff:127.0.0.1 - GET /frase_del_giorno HTTP/1.1 200 95 - 1.625 ms
::ffff:127.0.0.1 - GET /utenti HTTP/1.1 200 47 - 1.556 ms
::ffff:127.0.0.1 - POST /utenti HTTP/1.1 201 30 - 78.082 ms
::ffff:127.0.0.1 - GET /utenti HTTP/1.1 200 78 - 2.066 ms
::ffff:127.0.0.1 - PUT /utenti/2 HTTP/1.1 200 23 - 45.240 ms
::ffff:127.0.0.1 - GET /utenti HTTP/1.1 200 80 - 1.065 ms
::ffff:127.0.0.1 - DELETE /utenti/1 HTTP/1.1 204 - - 1.576 ms
::ffff:127.0.0.1 - GET /utenti HTTP/1.1 200 56 - 1.009 ms
::1 - GET / HTTP/1.1 404 16 - 5.878 ms
::1 - GET /favicon.ico HTTP/1.1 404 16 - 1.454 ms
::1 - GET /favicon.ico HTTP/1.1 404 16 - 1.220 ms
::1 - GET / HTTP/1.1 404 16 - 0.866 ms
::1 - GET / HTTP/1.1 404 16 - 0.916 ms
::1 - GET / HTTP/1.1 404 16 - 0.925 ms
::1 - GET / HTTP/1.1 404 16 - 0.806 ms
::1 - GET / HTTP/1.1 404 16 - 0.760 ms
::1 - GET / HTTP/1.1 404 16 - 0.826 ms
::1 - GET / HTTP/1.1 404 16 - 0.893 ms
::1 - GET / HTTP/1.1 404 16 - 0.774 ms
::1 - GET / HTTP/1.1 404 16 - 0.797 ms
::1 - GET /frasedelgiorno HTTP/1.1 404 16 - 0.854 ms
::1 - GET /frase_del_giorno HTTP/1.1 200 81 - 1.353 ms
::1 - GET /carbon-inetnsity HTTP/1.1 404 16 - 5.758 ms
::1 - GET /carbon-inetnsity HTTP/1.1 404 16 - 1.127 ms
::1 - GET /carbon-inetnsity HTTP/1.1 404 16 - 3.391 ms
::1 - GET /carbon-inetnsity HTTP/1.1 404 16 - 1.093 ms
::1 - GET /carbon-inetnsity HTTP/1.1 404 16 - 0.915 ms
::1 - GET /carbon-inetnsity HTTP/1.1 404 16 - 1.147 ms
::1 - GET /carbon-intensity HTTP/1.1 404 16 - 1.099 ms
::1 - GET /carbon-intensity HTTP/1.1 404 16 - 1.090 ms
::1 - GET /carbon-intensity HTTP/1.1 404 16 - 3.440 ms
::1 - GET /carbon-intensity HTTP/1.1 404 16 - 1.036 ms
::1 - GET /carbon-intensity HTTP/1.1 404 16 - 0.909 ms
::1 - GET /carbon-intensity HTTP/1.1 404 16 - 0.798 ms
::1 - GET /carbon-intensity HTTP/1.1 404 16 - 0.944 ms
::1 - GET /carbon-intensity HTTP/1.1 404 16 - 0.974 ms
::1 - GET /carbon-intensity HTTP/1.1 404 16 - 0.984 ms
::1 - GET /carbon-intensity HTTP/1.1 404 16 - 0.828 ms
::1 - GET /carbon-intensity HTTP/1.1 404 16 - 0.803 ms
::1 - GET /carbon-intensity HTTP/1.1 404 16 - 0.776 ms
::1 - GET /carbon-intensity HTTP/1.1 404 16 - 0.757 ms
::1 - GET /carbon-intensity HTTP/1.1 404 16 - 0.849 ms
::1 - GET /carbon-intensity HTTP/1.1 404 16 - 0.886 ms
::1 - GET /carbon-intensity HTTP/1.1 404 16 - 0.741 ms
::1 - GET /carbon-intensity HTTP/1.1 404 16 - 1.119 ms
::1 - GET /carbon-intensity HTTP/1.1 404 16 - 0.668 ms
::1 - GET /carbon-intensity HTTP/1.1 404 16 - 0.790 ms
::1 - GET /carbon-intensity HTTP/1.1 404 16 - 1.030 ms
::1 - GET /carbon-intensity HTTP/1.1 404 16 - 1.036 ms
::1 - GET /carbon-intensity HTTP/1.1 404 16 - 0.738 ms
::1 - GET /carbon-intensity HTTP/1.1 - - - - ms
::1 - GET / HTTP/1.1 404 16 - 2.730 ms
::1 - GET /frase_del_giorno HTTP/1.1 404 16 - 0.897 ms
::1 - GET /frase_del_giorno HTTP/1.1 404 16 - 0.962 ms
::1 - GET /frase_del_giorno HTTP/1.1 404 16 - 0.725 ms
::1 - GET /carbon-intensity HTTP/1.1 - - - - ms
